<?xml version="1.0" encoding="UTF-8"?>
<!-- Generated by org.testng.reporters.JUnitReportReporter -->
<testsuite hostname="LAPTOP-9D0EIG4I" failures="0" tests="7" name="TestSuit.UK_AgeBelow16" time="17.584" errors="0" timestamp="2023-10-15T11:44:38 IST" skipped="0">
  <testcase classname="TestSuit.UK_AgeBelow16" name="StartTool" time="8.772"/>
  <system-out/>
  <testcase classname="TestSuit.UK_AgeBelow16" name="Questionaire1" time="2.032"/>
  <system-out/>
  <testcase classname="TestSuit.UK_AgeBelow16" name="Questionaire2" time="2.045"/>
  <system-out/>
  <testcase classname="TestSuit.UK_AgeBelow16" name="Questionaire3" time="1.842"/>
  <system-out/>
  <testcase classname="TestSuit.UK_AgeBelow16" name="Questionaire4" time="2.551"/>
  <system-out/>
  <testcase classname="TestSuit.UK_AgeBelow16" name="Questionaire10" time="0.115"/>
  <system-out/>
  <testcase classname="TestSuit.UK_AgeBelow16" name="Questionaire11" time="0.227"/>
  <system-out/>
</testsuite> <!-- TestSuit.UK_AgeBelow16 -->
