<?xml version="1.0" encoding="UTF-8"?>
<!-- Generated by org.testng.reporters.JUnitReportReporter -->
<testsuite hostname="LAPTOP-9D0EIG4I" failures="0" tests="7" name="TestSuit.UK_AgeBelow16" time="9.855" errors="0" timestamp="2023-10-31T02:12:54 IST" skipped="0">
  <testcase classname="TestSuit.UK_AgeBelow16" name="StartTool" time="5.144"/>
  <system-out/>
  <testcase classname="TestSuit.UK_AgeBelow16" name="Questionaire1" time="1.003"/>
  <system-out/>
  <testcase classname="TestSuit.UK_AgeBelow16" name="Questionaire2" time="1.186"/>
  <system-out/>
  <testcase classname="TestSuit.UK_AgeBelow16" name="Questionaire3" time="1.179"/>
  <system-out/>
  <testcase classname="TestSuit.UK_AgeBelow16" name="Questionaire4" time="1.139"/>
  <system-out/>
  <testcase classname="TestSuit.UK_AgeBelow16" name="Questionaire10" time="0.065"/>
  <system-out/>
  <testcase classname="TestSuit.UK_AgeBelow16" name="Questionaire11" time="0.139"/>
  <system-out/>
</testsuite> <!-- TestSuit.UK_AgeBelow16 -->
