<?xml version="1.0" encoding="UTF-8"?>
<!-- Generated by org.testng.reporters.JUnitReportReporter -->
<testsuite hostname="LAPTOP-9D0EIG4I" failures="0" tests="12" name="TestSuit.Testcases" time="19.886" errors="0" timestamp="2023-10-15T09:55:12 IST" skipped="0">
  <testcase classname="TestSuit.Testcases" name="StartTool" time="6.834"/>
  <system-out/>
  <testcase classname="TestSuit.Testcases" name="Questionaire1" time="1.459"/>
  <system-out/>
  <testcase classname="TestSuit.Testcases" name="Questionaire2" time="2.121"/>
  <system-out/>
  <testcase classname="TestSuit.Testcases" name="Questionaire3" time="1.551"/>
  <system-out/>
  <testcase classname="TestSuit.Testcases" name="Questionaire4" time="1.325"/>
  <system-out/>
  <testcase classname="TestSuit.Testcases" name="Questionaire5" time="1.242"/>
  <system-out/>
  <testcase classname="TestSuit.Testcases" name="Questionaire6" time="1.332"/>
  <system-out/>
  <testcase classname="TestSuit.Testcases" name="Questionair7" time="1.149"/>
  <system-out/>
  <testcase classname="TestSuit.Testcases" name="Questionaire8" time="1.156"/>
  <system-out/>
  <testcase classname="TestSuit.Testcases" name="Questionaire9" time="1.480"/>
  <system-out/>
  <testcase classname="TestSuit.Testcases" name="Questionaire10" time="0.078"/>
  <system-out/>
  <testcase classname="TestSuit.Testcases" name="Questionaire11" time="0.159"/>
  <system-out/>
</testsuite> <!-- TestSuit.Testcases -->
