<?xml version="1.0" encoding="UTF-8"?>
<!-- Generated by org.testng.reporters.JUnitReportReporter -->
<testsuite hostname="LAPTOP-9D0EIG4I" failures="0" tests="18" name="TestSuit.UK_combinedTakeHomePayLessOrEqual£935_No" time="36.080" errors="0" timestamp="2023-10-15T11:42:38 IST" skipped="0">
  <testcase classname="TestSuit.UK_combinedTakeHomePayLessOrEqual£935_No" name="StartTool" time="7.519"/>
  <system-out/>
  <testcase classname="TestSuit.UK_combinedTakeHomePayLessOrEqual£935_No" name="Questionaire1" time="1.726"/>
  <system-out/>
  <testcase classname="TestSuit.UK_combinedTakeHomePayLessOrEqual£935_No" name="Questionaire2" time="1.886"/>
  <system-out/>
  <testcase classname="TestSuit.UK_combinedTakeHomePayLessOrEqual£935_No" name="Questionaire3" time="1.806"/>
  <system-out/>
  <testcase classname="TestSuit.UK_combinedTakeHomePayLessOrEqual£935_No" name="Questionaire4" time="2.141"/>
  <system-out/>
  <testcase classname="TestSuit.UK_combinedTakeHomePayLessOrEqual£935_No" name="Questionaire5" time="1.940"/>
  <system-out/>
  <testcase classname="TestSuit.UK_combinedTakeHomePayLessOrEqual£935_No" name="Questionaire6" time="1.723"/>
  <system-out/>
  <testcase classname="TestSuit.UK_combinedTakeHomePayLessOrEqual£935_No" name="Questionair7" time="1.858"/>
  <system-out/>
  <testcase classname="TestSuit.UK_combinedTakeHomePayLessOrEqual£935_No" name="Questionaire8" time="2.040"/>
  <system-out/>
  <testcase classname="TestSuit.UK_combinedTakeHomePayLessOrEqual£935_No" name="Questionaire9" time="1.986"/>
  <system-out/>
  <testcase classname="TestSuit.UK_combinedTakeHomePayLessOrEqual£935_No" name="Questionaire12" time="1.820"/>
  <system-out/>
  <testcase classname="TestSuit.UK_combinedTakeHomePayLessOrEqual£935_No" name="Questionaire13" time="1.723"/>
  <system-out/>
  <testcase classname="TestSuit.UK_combinedTakeHomePayLessOrEqual£935_No" name="Questionaire14" time="1.839"/>
  <system-out/>
  <testcase classname="TestSuit.UK_combinedTakeHomePayLessOrEqual£935_No" name="Questionaire15" time="1.670"/>
  <system-out/>
  <testcase classname="TestSuit.UK_combinedTakeHomePayLessOrEqual£935_No" name="Questionaire16" time="1.815"/>
  <system-out/>
  <testcase classname="TestSuit.UK_combinedTakeHomePayLessOrEqual£935_No" name="Questionaire17" time="2.327"/>
  <system-out/>
  <testcase classname="TestSuit.UK_combinedTakeHomePayLessOrEqual£935_No" name="Questionaire10" time="0.070"/>
  <system-out/>
  <testcase classname="TestSuit.UK_combinedTakeHomePayLessOrEqual£935_No" name="Questionaire11" time="0.191"/>
  <system-out/>
</testsuite> <!-- TestSuit.UK_combinedTakeHomePayLessOrEqual£935_No -->
