<?xml version="1.0" encoding="UTF-8"?>
<!-- Generated by org.testng.reporters.JUnitReportReporter -->
<testsuite hostname="LAPTOP-9D0EIG4I" failures="0" tests="7" name="TestSuit.UK_AgeBelow16" time="53.149" errors="0" timestamp="2023-10-16T02:47:32 IST" skipped="0">
  <testcase classname="TestSuit.UK_AgeBelow16" name="StartTool" time="48.427"/>
  <system-out/>
  <testcase classname="TestSuit.UK_AgeBelow16" name="Questionaire1" time="1.129"/>
  <system-out/>
  <testcase classname="TestSuit.UK_AgeBelow16" name="Questionaire2" time="1.039"/>
  <system-out/>
  <testcase classname="TestSuit.UK_AgeBelow16" name="Questionaire3" time="1.049"/>
  <system-out/>
  <testcase classname="TestSuit.UK_AgeBelow16" name="Questionaire4" time="1.282"/>
  <system-out/>
  <testcase classname="TestSuit.UK_AgeBelow16" name="Questionaire10" time="0.087"/>
  <system-out/>
  <testcase classname="TestSuit.UK_AgeBelow16" name="Questionaire11" time="0.136"/>
  <system-out/>
</testsuite> <!-- TestSuit.UK_AgeBelow16 -->
