<?xml version="1.0" encoding="UTF-8"?>
<!-- Generated by org.testng.reporters.JUnitReportReporter -->
<testsuite hostname="LAPTOP-9D0EIG4I" failures="0" tests="32" name="TestSuit.UK_combinedTakeHomePayLessOrEqual£435_No" time="438.655" errors="0" timestamp="2023-10-15T19:03:56 IST" skipped="0">
  <testcase classname="TestSuit.UK_combinedTakeHomePayLessOrEqual£435_No" name="Questionaire1" time="1.502"/>
  <system-out/>
  <testcase classname="TestSuit.UK_combinedTakeHomePayLessOrEqual£435_No" name="Questionaire1" time="1.428"/>
  <system-out/>
  <testcase classname="TestSuit.UK_combinedTakeHomePayLessOrEqual£435_No" name="Questionaire2" time="1.229"/>
  <system-out/>
  <testcase classname="TestSuit.UK_combinedTakeHomePayLessOrEqual£435_No" name="Questionaire2" time="1.221"/>
  <system-out/>
  <testcase classname="TestSuit.UK_combinedTakeHomePayLessOrEqual£435_No" name="Questionaire3" time="1.183"/>
  <system-out/>
  <testcase classname="TestSuit.UK_combinedTakeHomePayLessOrEqual£435_No" name="Questionaire3" time="1.361"/>
  <system-out/>
  <testcase classname="TestSuit.UK_combinedTakeHomePayLessOrEqual£435_No" name="Questionaire4" time="1.261"/>
  <system-out/>
  <testcase classname="TestSuit.UK_combinedTakeHomePayLessOrEqual£435_No" name="Questionaire4" time="1.300"/>
  <system-out/>
  <testcase classname="TestSuit.UK_combinedTakeHomePayLessOrEqual£435_No" name="Questionaire5" time="1.162"/>
  <system-out/>
  <testcase classname="TestSuit.UK_combinedTakeHomePayLessOrEqual£435_No" name="Questionaire5" time="1.124"/>
  <system-out/>
  <testcase classname="TestSuit.UK_combinedTakeHomePayLessOrEqual£435_No" name="Questionaire6" time="1.058"/>
  <system-out/>
  <testcase classname="TestSuit.UK_combinedTakeHomePayLessOrEqual£435_No" name="Questionaire6" time="1.135"/>
  <system-out/>
  <testcase classname="TestSuit.UK_combinedTakeHomePayLessOrEqual£435_No" name="Questionair7" time="1.289"/>
  <system-out/>
  <testcase classname="TestSuit.UK_combinedTakeHomePayLessOrEqual£435_No" name="Questionair7" time="1.265"/>
  <system-out/>
  <testcase classname="TestSuit.UK_combinedTakeHomePayLessOrEqual£435_No" name="Questionaire8" time="1.505"/>
  <system-out/>
  <testcase classname="TestSuit.UK_combinedTakeHomePayLessOrEqual£435_No" name="Questionaire8" time="1.532"/>
  <system-out/>
  <testcase classname="TestSuit.UK_combinedTakeHomePayLessOrEqual£435_No" name="Questionaire9" time="1.270"/>
  <system-out/>
  <testcase classname="TestSuit.UK_combinedTakeHomePayLessOrEqual£435_No" name="Questionaire9" time="1.234"/>
  <system-out/>
  <testcase classname="TestSuit.UK_combinedTakeHomePayLessOrEqual£435_No" name="Questionaire12" time="1.117"/>
  <system-out/>
  <testcase classname="TestSuit.UK_combinedTakeHomePayLessOrEqual£435_No" name="Questionaire12" time="1.162"/>
  <system-out/>
  <testcase classname="TestSuit.UK_combinedTakeHomePayLessOrEqual£435_No" name="Questionaire13" time="1.280"/>
  <system-out/>
  <testcase classname="TestSuit.UK_combinedTakeHomePayLessOrEqual£435_No" name="Questionaire13" time="1.175"/>
  <system-out/>
  <testcase classname="TestSuit.UK_combinedTakeHomePayLessOrEqual£435_No" name="Questionaire14" time="1.344"/>
  <system-out/>
  <testcase classname="TestSuit.UK_combinedTakeHomePayLessOrEqual£435_No" name="Questionaire14" time="1.270"/>
  <system-out/>
  <testcase classname="TestSuit.UK_combinedTakeHomePayLessOrEqual£435_No" name="Questionaire15" time="1.365"/>
  <system-out/>
  <testcase classname="TestSuit.UK_combinedTakeHomePayLessOrEqual£435_No" name="Questionaire15" time="1.111"/>
  <system-out/>
  <testcase classname="TestSuit.UK_combinedTakeHomePayLessOrEqual£435_No" name="Questionaire16" time="1.237"/>
  <system-out/>
  <testcase classname="TestSuit.UK_combinedTakeHomePayLessOrEqual£435_No" name="Questionaire16" time="0.645"/>
  <system-out/>
  <testcase classname="TestSuit.UK_combinedTakeHomePayLessOrEqual£435_No" name="Questionaire17" time="1.399"/>
  <system-out/>
  <testcase classname="TestSuit.UK_combinedTakeHomePayLessOrEqual£435_No" name="Questionaire17" time="2.310"/>
  <system-out/>
  <testcase classname="TestSuit.UK_combinedTakeHomePayLessOrEqual£435_No" name="Questionaire10" time="200.090"/>
  <system-out/>
  <testcase classname="TestSuit.UK_combinedTakeHomePayLessOrEqual£435_No" name="Questionaire10" time="200.091"/>
  <system-out/>
</testsuite> <!-- TestSuit.UK_combinedTakeHomePayLessOrEqual£435_No -->
