<?xml version="1.0" encoding="UTF-8"?>
<!-- Generated by org.testng.reporters.JUnitReportReporter -->
<testsuite hostname="LAPTOP-9D0EIG4I" failures="0" tests="12" name="TestSuit.UK_AgeAbove16" time="15.010" errors="0" timestamp="2023-10-16T02:47:32 IST" skipped="0">
  <testcase classname="TestSuit.UK_AgeAbove16" name="StartTool" time="3.879"/>
  <system-out/>
  <testcase classname="TestSuit.UK_AgeAbove16" name="Questionaire1" time="1.252"/>
  <system-out/>
  <testcase classname="TestSuit.UK_AgeAbove16" name="Questionaire2" time="1.280"/>
  <system-out/>
  <testcase classname="TestSuit.UK_AgeAbove16" name="Questionaire3" time="1.133"/>
  <system-out/>
  <testcase classname="TestSuit.UK_AgeAbove16" name="Questionaire4" time="1.341"/>
  <system-out/>
  <testcase classname="TestSuit.UK_AgeAbove16" name="Questionaire5" time="1.121"/>
  <system-out/>
  <testcase classname="TestSuit.UK_AgeAbove16" name="Questionaire6" time="1.096"/>
  <system-out/>
  <testcase classname="TestSuit.UK_AgeAbove16" name="Questionair7" time="1.132"/>
  <system-out/>
  <testcase classname="TestSuit.UK_AgeAbove16" name="Questionaire8" time="1.300"/>
  <system-out/>
  <testcase classname="TestSuit.UK_AgeAbove16" name="Questionaire9" time="1.217"/>
  <system-out/>
  <testcase classname="TestSuit.UK_AgeAbove16" name="Questionaire10" time="0.099"/>
  <system-out/>
  <testcase classname="TestSuit.UK_AgeAbove16" name="Questionaire11" time="0.160"/>
  <system-out/>
</testsuite> <!-- TestSuit.UK_AgeAbove16 -->
