<?xml version="1.0" encoding="UTF-8"?>
<!-- Generated by org.testng.reporters.JUnitReportReporter -->
<testsuite hostname="LAPTOP-9D0EIG4I" failures="0" tests="17" name="TestSuit.UK_combinedTakeHomePayLessOrEqual£435_No" time="229.855" errors="0" timestamp="2023-10-31T02:12:54 IST" skipped="0">
  <testcase classname="TestSuit.UK_combinedTakeHomePayLessOrEqual£435_No" name="Questionaire1" time="2.444"/>
  <system-out/>
  <testcase classname="TestSuit.UK_combinedTakeHomePayLessOrEqual£435_No" name="Questionaire2" time="2.488"/>
  <system-out/>
  <testcase classname="TestSuit.UK_combinedTakeHomePayLessOrEqual£435_No" name="Questionaire3" time="2.779"/>
  <system-out/>
  <testcase classname="TestSuit.UK_combinedTakeHomePayLessOrEqual£435_No" name="Questionaire4" time="2.523"/>
  <system-out/>
  <testcase classname="TestSuit.UK_combinedTakeHomePayLessOrEqual£435_No" name="Questionaire5" time="2.357"/>
  <system-out/>
  <testcase classname="TestSuit.UK_combinedTakeHomePayLessOrEqual£435_No" name="Questionaire6" time="2.455"/>
  <system-out/>
  <testcase classname="TestSuit.UK_combinedTakeHomePayLessOrEqual£435_No" name="Questionair7" time="2.362"/>
  <system-out/>
  <testcase classname="TestSuit.UK_combinedTakeHomePayLessOrEqual£435_No" name="Questionaire8" time="3.065"/>
  <system-out/>
  <testcase classname="TestSuit.UK_combinedTakeHomePayLessOrEqual£435_No" name="Questionaire9" time="2.349"/>
  <system-out/>
  <testcase classname="TestSuit.UK_combinedTakeHomePayLessOrEqual£435_No" name="Questionaire12" time="1.084"/>
  <system-out/>
  <testcase classname="TestSuit.UK_combinedTakeHomePayLessOrEqual£435_No" name="Questionaire13" time="1.091"/>
  <system-out/>
  <testcase classname="TestSuit.UK_combinedTakeHomePayLessOrEqual£435_No" name="Questionaire14" time="1.184"/>
  <system-out/>
  <testcase classname="TestSuit.UK_combinedTakeHomePayLessOrEqual£435_No" name="Questionaire15" time="0.992"/>
  <system-out/>
  <testcase classname="TestSuit.UK_combinedTakeHomePayLessOrEqual£435_No" name="Questionaire16" time="1.142"/>
  <system-out/>
  <testcase classname="TestSuit.UK_combinedTakeHomePayLessOrEqual£435_No" name="Questionaire17" time="1.244"/>
  <system-out/>
  <testcase classname="TestSuit.UK_combinedTakeHomePayLessOrEqual£435_No" name="Questionaire10" time="200.102"/>
  <system-out/>
  <testcase classname="TestSuit.UK_combinedTakeHomePayLessOrEqual£435_No" name="Questionaire11" time="0.194"/>
  <system-out/>
</testsuite> <!-- TestSuit.UK_combinedTakeHomePayLessOrEqual£435_No -->
