<?xml version="1.0" encoding="UTF-8"?>
<!-- Generated by org.testng.reporters.JUnitReportReporter -->
<testsuite hostname="LAPTOP-9D0EIG4I" failures="0" tests="12" name="TestSuit.UK_AgeAbove16" time="33.928" errors="0" timestamp="2023-10-15T11:44:38 IST" skipped="0">
  <testcase classname="TestSuit.UK_AgeAbove16" name="StartTool" time="7.108"/>
  <system-out/>
  <testcase classname="TestSuit.UK_AgeAbove16" name="Questionaire1" time="3.277"/>
  <system-out/>
  <testcase classname="TestSuit.UK_AgeAbove16" name="Questionaire2" time="3.578"/>
  <system-out/>
  <testcase classname="TestSuit.UK_AgeAbove16" name="Questionaire3" time="3.372"/>
  <system-out/>
  <testcase classname="TestSuit.UK_AgeAbove16" name="Questionaire4" time="3.895"/>
  <system-out/>
  <testcase classname="TestSuit.UK_AgeAbove16" name="Questionaire5" time="3.383"/>
  <system-out/>
  <testcase classname="TestSuit.UK_AgeAbove16" name="Questionaire6" time="2.778"/>
  <system-out/>
  <testcase classname="TestSuit.UK_AgeAbove16" name="Questionair7" time="1.846"/>
  <system-out/>
  <testcase classname="TestSuit.UK_AgeAbove16" name="Questionaire8" time="2.125"/>
  <system-out/>
  <testcase classname="TestSuit.UK_AgeAbove16" name="Questionaire9" time="2.237"/>
  <system-out/>
  <testcase classname="TestSuit.UK_AgeAbove16" name="Questionaire10" time="0.130"/>
  <system-out/>
  <testcase classname="TestSuit.UK_AgeAbove16" name="Questionaire11" time="0.199"/>
  <system-out/>
</testsuite> <!-- TestSuit.UK_AgeAbove16 -->
