<?xml version="1.0" encoding="UTF-8"?>
<!-- Generated by org.testng.reporters.JUnitReportReporter -->
<testsuite hostname="LAPTOP-9D0EIG4I" failures="0" tests="12" name="TestSuit.UK_AgeAbove16" time="14.458" errors="0" timestamp="2023-10-15T23:35:06 IST" skipped="0">
  <testcase classname="TestSuit.UK_AgeAbove16" name="StartTool" time="4.350"/>
  <system-out/>
  <testcase classname="TestSuit.UK_AgeAbove16" name="Questionaire1" time="1.108"/>
  <system-out/>
  <testcase classname="TestSuit.UK_AgeAbove16" name="Questionaire2" time="1.090"/>
  <system-out/>
  <testcase classname="TestSuit.UK_AgeAbove16" name="Questionaire3" time="1.074"/>
  <system-out/>
  <testcase classname="TestSuit.UK_AgeAbove16" name="Questionaire4" time="1.266"/>
  <system-out/>
  <testcase classname="TestSuit.UK_AgeAbove16" name="Questionaire5" time="1.043"/>
  <system-out/>
  <testcase classname="TestSuit.UK_AgeAbove16" name="Questionaire6" time="1.032"/>
  <system-out/>
  <testcase classname="TestSuit.UK_AgeAbove16" name="Questionair7" time="1.057"/>
  <system-out/>
  <testcase classname="TestSuit.UK_AgeAbove16" name="Questionaire8" time="1.072"/>
  <system-out/>
  <testcase classname="TestSuit.UK_AgeAbove16" name="Questionaire9" time="1.163"/>
  <system-out/>
  <testcase classname="TestSuit.UK_AgeAbove16" name="Questionaire10" time="0.075"/>
  <system-out/>
  <testcase classname="TestSuit.UK_AgeAbove16" name="Questionaire11" time="0.128"/>
  <system-out/>
</testsuite> <!-- TestSuit.UK_AgeAbove16 -->
