<?xml version="1.0" encoding="UTF-8"?>
<!-- Generated by org.testng.reporters.JUnitReportReporter -->
<testsuite hostname="LAPTOP-9D0EIG4I" failures="0" tests="12" name="TestSuit.UK_AgeAbove16" time="13.805" errors="0" timestamp="2023-10-31T02:12:54 IST" skipped="0">
  <testcase classname="TestSuit.UK_AgeAbove16" name="StartTool" time="3.731"/>
  <system-out/>
  <testcase classname="TestSuit.UK_AgeAbove16" name="Questionaire1" time="1.113"/>
  <system-out/>
  <testcase classname="TestSuit.UK_AgeAbove16" name="Questionaire2" time="0.985"/>
  <system-out/>
  <testcase classname="TestSuit.UK_AgeAbove16" name="Questionaire3" time="1.164"/>
  <system-out/>
  <testcase classname="TestSuit.UK_AgeAbove16" name="Questionaire4" time="1.167"/>
  <system-out/>
  <testcase classname="TestSuit.UK_AgeAbove16" name="Questionaire5" time="1.119"/>
  <system-out/>
  <testcase classname="TestSuit.UK_AgeAbove16" name="Questionaire6" time="0.991"/>
  <system-out/>
  <testcase classname="TestSuit.UK_AgeAbove16" name="Questionair7" time="1.000"/>
  <system-out/>
  <testcase classname="TestSuit.UK_AgeAbove16" name="Questionaire8" time="1.256"/>
  <system-out/>
  <testcase classname="TestSuit.UK_AgeAbove16" name="Questionaire9" time="1.098"/>
  <system-out/>
  <testcase classname="TestSuit.UK_AgeAbove16" name="Questionaire10" time="0.061"/>
  <system-out/>
  <testcase classname="TestSuit.UK_AgeAbove16" name="Questionaire11" time="0.120"/>
  <system-out/>
</testsuite> <!-- TestSuit.UK_AgeAbove16 -->
