<?xml version="1.0" encoding="UTF-8"?>
<!-- Generated by org.testng.reporters.JUnitReportReporter -->
<testsuite hostname="LAPTOP-9D0EIG4I" failures="0" tests="7" name="TestSuit.UK_AgeBelow16" time="9.471" errors="0" timestamp="2023-10-15T23:35:06 IST" skipped="0">
  <testcase classname="TestSuit.UK_AgeBelow16" name="StartTool" time="4.677"/>
  <system-out/>
  <testcase classname="TestSuit.UK_AgeBelow16" name="Questionaire1" time="1.121"/>
  <system-out/>
  <testcase classname="TestSuit.UK_AgeBelow16" name="Questionaire2" time="1.118"/>
  <system-out/>
  <testcase classname="TestSuit.UK_AgeBelow16" name="Questionaire3" time="1.076"/>
  <system-out/>
  <testcase classname="TestSuit.UK_AgeBelow16" name="Questionaire4" time="1.255"/>
  <system-out/>
  <testcase classname="TestSuit.UK_AgeBelow16" name="Questionaire10" time="0.072"/>
  <system-out/>
  <testcase classname="TestSuit.UK_AgeBelow16" name="Questionaire11" time="0.152"/>
  <system-out/>
</testsuite> <!-- TestSuit.UK_AgeBelow16 -->
