<?xml version="1.0" encoding="UTF-8"?>
<!-- Generated by org.testng.reporters.JUnitReportReporter -->
<testsuite hostname="LAPTOP-9D0EIG4I" failures="0" tests="16" name="TestSuit.UK_combinedTakeHomePayLessOrEqual£435_No" time="217.187" errors="0" timestamp="2023-10-15T23:35:06 IST" skipped="0">
  <testcase classname="TestSuit.UK_combinedTakeHomePayLessOrEqual£435_No" name="Questionaire1" time="1.231"/>
  <system-out/>
  <testcase classname="TestSuit.UK_combinedTakeHomePayLessOrEqual£435_No" name="Questionaire2" time="1.199"/>
  <system-out/>
  <testcase classname="TestSuit.UK_combinedTakeHomePayLessOrEqual£435_No" name="Questionaire3" time="1.067"/>
  <system-out/>
  <testcase classname="TestSuit.UK_combinedTakeHomePayLessOrEqual£435_No" name="Questionaire4" time="1.252"/>
  <system-out/>
  <testcase classname="TestSuit.UK_combinedTakeHomePayLessOrEqual£435_No" name="Questionaire5" time="1.116"/>
  <system-out/>
  <testcase classname="TestSuit.UK_combinedTakeHomePayLessOrEqual£435_No" name="Questionaire6" time="1.079"/>
  <system-out/>
  <testcase classname="TestSuit.UK_combinedTakeHomePayLessOrEqual£435_No" name="Questionair7" time="1.112"/>
  <system-out/>
  <testcase classname="TestSuit.UK_combinedTakeHomePayLessOrEqual£435_No" name="Questionaire8" time="1.227"/>
  <system-out/>
  <testcase classname="TestSuit.UK_combinedTakeHomePayLessOrEqual£435_No" name="Questionaire9" time="1.134"/>
  <system-out/>
  <testcase classname="TestSuit.UK_combinedTakeHomePayLessOrEqual£435_No" name="Questionaire12" time="1.072"/>
  <system-out/>
  <testcase classname="TestSuit.UK_combinedTakeHomePayLessOrEqual£435_No" name="Questionaire13" time="1.061"/>
  <system-out/>
  <testcase classname="TestSuit.UK_combinedTakeHomePayLessOrEqual£435_No" name="Questionaire14" time="1.062"/>
  <system-out/>
  <testcase classname="TestSuit.UK_combinedTakeHomePayLessOrEqual£435_No" name="Questionaire15" time="1.126"/>
  <system-out/>
  <testcase classname="TestSuit.UK_combinedTakeHomePayLessOrEqual£435_No" name="Questionaire16" time="1.070"/>
  <system-out/>
  <testcase classname="TestSuit.UK_combinedTakeHomePayLessOrEqual£435_No" name="Questionaire17" time="1.257"/>
  <system-out/>
  <testcase classname="TestSuit.UK_combinedTakeHomePayLessOrEqual£435_No" name="Questionaire10" time="200.122"/>
  <system-out/>
</testsuite> <!-- TestSuit.UK_combinedTakeHomePayLessOrEqual£435_No -->
